Flutter crash report; please file at https://github.com/flutter/flutter/issues.

## command

flutter packages get

## exception

YamlException: Error on line 68, column 9: While parsing a block collection, expected '-'.
        style: italic
        ^

```
#0      Parser._parseBlockSequenceEntry (package:yaml/src/parser.dart:376)
#1      Parser._stateMachine (package:yaml/src/parser.dart:77)
#2      Parser.parse (package:yaml/src/parser.dart:47)
#3      Loader._loadSequence (package:yaml/src/loader.dart:142)
#4      Loader._loadNode (package:yaml/src/loader.dart:84)
#5      Loader._loadMapping (package:yaml/src/loader.dart:165)
#6      Loader._loadNode (package:yaml/src/loader.dart:86)
#7      Loader._loadSequence (package:yaml/src/loader.dart:141)
#8      Loader._loadNode (package:yaml/src/loader.dart:84)
#9      Loader._loadMapping (package:yaml/src/loader.dart:165)
#10     Loader._loadNode (package:yaml/src/loader.dart:86)
#11     Loader._loadMapping (package:yaml/src/loader.dart:165)
#12     Loader._loadNode (package:yaml/src/loader.dart:86)
#13     Loader._loadDocument (package:yaml/src/loader.dart:62)
#14     Loader.load (package:yaml/src/loader.dart:54)
#15     loadYamlDocument (package:yaml/yaml.dart:51)
#16     loadYamlNode (package:yaml/yaml.dart:42)
#17     loadYaml (package:yaml/yaml.dart:34)
#18     _pluginFromPubspec (package:flutter_tools/src/plugins.dart:52)
#19     _findPlugins.<anonymous closure> (package:flutter_tools/src/plugins.dart:75)
#20     _HashVMBase&MapMixin&&_LinkedHashMapMixin.forEach (dart:collection-patch/dart:collection/compact_hash.dart:363)
#21     _findPlugins (package:flutter_tools/src/plugins.dart:73)
#22     injectPlugins (package:flutter_tools/src/plugins.dart:238)
#23     FlutterProject.ensureReadyForPlatformSpecificTooling (package:flutter_tools/src/project.dart:62)
#24     PackagesGetCommand.runCommand (package:flutter_tools/src/commands/packages.dart:80)
<asynchronous suspension>
#25     FlutterCommand.verifyThenRunCommand (package:flutter_tools/src/runner/flutter_command.dart:333)
<asynchronous suspension>
#26     FlutterCommand.run.<anonymous closure> (package:flutter_tools/src/runner/flutter_command.dart:270)
<asynchronous suspension>
#27     AppContext.run.<anonymous closure> (package:flutter_tools/src/base/context.dart:142)
<asynchronous suspension>
#28     _rootRun (dart:async/zone.dart:1126)
#29     _CustomZone.run (dart:async/zone.dart:1023)
#30     runZoned (dart:async/zone.dart:1501)
#31     AppContext.run (package:flutter_tools/src/base/context.dart:141)
<asynchronous suspension>
#32     FlutterCommand.run (package:flutter_tools/src/runner/flutter_command.dart:261)
#33     CommandRunner.runCommand (package:args/command_runner.dart:194)
<asynchronous suspension>
#34     FlutterCommandRunner.runCommand.<anonymous closure> (package:flutter_tools/src/runner/flutter_command_runner.dart:298)
<asynchronous suspension>
#35     AppContext.run.<anonymous closure> (package:flutter_tools/src/base/context.dart:142)
<asynchronous suspension>
#36     _rootRun (dart:async/zone.dart:1126)
#37     _CustomZone.run (dart:async/zone.dart:1023)
#38     runZoned (dart:async/zone.dart:1501)
#39     AppContext.run (package:flutter_tools/src/base/context.dart:141)
<asynchronous suspension>
#40     FlutterCommandRunner.runCommand (package:flutter_tools/src/runner/flutter_command_runner.dart:254)
<asynchronous suspension>
#41     CommandRunner.run.<anonymous closure> (package:args/command_runner.dart:109)
#42     new Future.sync (dart:async/future.dart:222)
#43     CommandRunner.run (package:args/command_runner.dart:109)
#44     FlutterCommandRunner.run (package:flutter_tools/src/runner/flutter_command_runner.dart:168)
#45     run.<anonymous closure> (package:flutter_tools/runner.dart:54)
<asynchronous suspension>
#46     AppContext.run.<anonymous closure> (package:flutter_tools/src/base/context.dart:142)
<asynchronous suspension>
#47     _rootRun (dart:async/zone.dart:1126)
#48     _CustomZone.run (dart:async/zone.dart:1023)
#49     runZoned (dart:async/zone.dart:1501)
#50     AppContext.run (package:flutter_tools/src/base/context.dart:141)
<asynchronous suspension>
#51     runInContext (package:flutter_tools/src/context_runner.dart:41)
<asynchronous suspension>
#52     run (package:flutter_tools/runner.dart:49)
#53     main (package:flutter_tools/executable.dart:48)
<asynchronous suspension>
#54     main (file:///D:/OnGithub/flutter/packages/flutter_tools/bin/flutter_tools.dart:16)
#55     _startIsolate.<anonymous closure> (dart:isolate-patch/dart:isolate/isolate_patch.dart:277)
#56     _RawReceivePortImpl._handleMessage (dart:isolate-patch/dart:isolate/isolate_patch.dart:165)
```

## flutter doctor

```
[✓] Flutter (Channel beta, v0.2.8, on Microsoft Windows [Version 10.0.17134.48], locale en-GB)
    • Flutter version 0.2.8 at D:\OnGithub\flutter
    • Framework revision b397406561 (9 weeks ago), 2018-04-02 13:53:20 -0700
    • Engine revision c903c217a1
    • Dart version 2.0.0-dev.43.0.flutter-52afcba357

[✓] Android toolchain - develop for Android devices (Android SDK 27.0.3)
    • Android SDK at C:\Users\abdul\AppData\Local\Android\sdk
    • Android NDK location not configured (optional; useful for native profiling support)
    • Platform android-27, build-tools 27.0.3
    • Java binary at: C:\Program Files\Android\Android Studio\jre\bin\java
    • Java version OpenJDK Runtime Environment (build 1.8.0_152-release-915-b01)
    • All Android licenses accepted.

[✓] Android Studio (version 3.0)
    • Android Studio at C:\Program Files\Android\Android Studio
    • Java version OpenJDK Runtime Environment (build 1.8.0_152-release-915-b01)

[✓] VS Code, 64-bit edition (version 1.23.1)
    • VS Code at C:\Program Files\Microsoft VS Code
    • Dart Code extension version 2.13.0

[✓] Connected devices (1 available)
    • F3311 • RQ3001LM70 • android-arm • Android 6.0 (API 23)

• No issues found!
```
